make all --print-data-base --no-builtin-variables --no-builtin-rules --question
make: *** No rule to make target 'all'.  Stop.

# GNU Make 4.3
# Built for x86_64-pc-linux-gnu
# Copyright (C) 1988-2020 Free Software Foundation, Inc.
# License GPLv3+: GNU GPL version 3 or later <http://gnu.org/licenses/gpl.html>
# This is free software: you are free to change and redistribute it.
# There is NO WARRANTY, to the extent permitted by law.

# Make data base, printed on Fri Jun  3 14:46:41 2022

# Variables

# environment
LC_ALL = C
# environment
PULSE_SERVER = /mnt/wslg/PulseServer
# environment
WSLENV = VSCODE_WSL_EXT_LOCATION/up
# environment
VSCODE_CWD = /mnt/c/Users/EGala/AppData/Local/Programs/Microsoft VS Code
# default
MAKE_COMMAND := make
# environment
VSCODE_HANDLES_SIGPIPE = true
# automatic
@D = $(patsubst %/,%,$(dir $@))
# environment
VSCODE_HANDLES_UNCAUGHT_ERRORS = true
# default
.VARIABLES := 
# environment
PWD = /mnt/e/Elijah/current/oop/project/my_alloc
# automatic
%D = $(patsubst %/,%,$(dir $%))
# automatic
^D = $(patsubst %/,%,$(dir $^))
# environment
VSCODE_LOG_STACK = false
# automatic
%F = $(notdir $%)
# environment
LANG = C
# default
.LOADED := 
# default
.INCLUDE_DIRS = /usr/include /usr/local/include /usr/include
# makefile
MAKEFLAGS = pqrR
# makefile
CURDIR := /mnt/e/Elijah/current/oop/project/my_alloc
# environment
VSCODE_PIPE_LOGGING = true
# environment
APPLICATION_INSIGHTS_NO_DIAGNOSTIC_CHANNEL = true
# automatic
*D = $(patsubst %/,%,$(dir $*))
# environment
MFLAGS = -pqrR
# default
.SHELLFLAGS := -c
# environment
WAYLAND_DISPLAY = wayland-0
# automatic
+D = $(patsubst %/,%,$(dir $+))
# makefile
MAKEFILE_LIST := 
# automatic
@F = $(notdir $@)
# environment
VSCODE_VERBOSE_LOGGING = true
# environment
HISTIGNORE = pwd:ls:exit
# automatic
?D = $(patsubst %/,%,$(dir $?))
# automatic
*F = $(notdir $*)
# automatic
<D = $(patsubst %/,%,$(dir $<))
# environment
VSCODE_NLS_CONFIG = {"locale":"en","availableLanguages":{}}
# default
MAKE_HOST := x86_64-pc-linux-gnu
# makefile
SHELL = /bin/sh
# default
MAKECMDGOALS := all
# environment
SHLVL = 2
# environment
MAKELEVEL := 0
# default
MAKE = $(MAKE_COMMAND)
# environment
PATH = /home/elijah/.vscode-server/bin/c3511e6c69bb39013c4a4b7b9566ec1ca73fc4d5/bin/remote-cli:/usr/local/sbin:/usr/local/bin:/usr/sbin:/usr/bin:/sbin:/bin:/usr/games:/usr/local/games:/usr/lib/wsl/lib:/mnt/c/Program Files/Python39/Scripts/:/mnt/c/Program Files/Python39/:/mnt/c/WINDOWS:/mnt/c/WINDOWS/system32:/mnt/c/WINDOWS/System32/Wbem:/mnt/c/WINDOWS/System32/WindowsPowerShell/v1.0/:/mnt/c/WINDOWS/System32/OpenSSH/:/mnt/c/Program Files (x86)/Windows Kits/10/bin/10.0.19041.0/x64:/mnt/c/Program Files (x86)/Microsoft Visual Studio/2019/BuildTools/VC/Tools/MSVC/14.29.30133/14.29.30133/bin/Hostx64/x64:/mnt/c/Program Files (x86)/Microsoft Visual Studio/2019/BuildTools/VC/Tools/MSVC/14.29.30133/bin/Hostx64/x64:/mnt/c/texlive/2020/bin/win32:/mnt/c/Users/EGala/AppData/Roaming/Python/Python39/Scripts:/mnt/c/Users/EGala/AppData/Local/Microsoft/WindowsApps:/mnt/c/Users/EGala/AppData/Local/Programs/Microsoft VS Code/bin:/mnt/c/Program Files/Bandizip/:/mnt/e/Elijah/Arch:/mnt/c/Users/EGala/AppData/Local/Programs/Microsoft VS Code/bin:usr/.local/bin:/usr/bin/site_perl:/usr/bin/vendor_perl:/usr/bin/core_perl
# default
MAKEFILES := 
# automatic
^F = $(notdir $^)
# environment
VSCODE_LOG_NATIVE = false
# automatic
?F = $(notdir $?)
# environment
NAME = ElijahPCX1
# environment
HOSTTYPE = x86_64
# automatic
+F = $(notdir $+)
# environment
WSL_INTEROP = /run/WSL/11_interop
# 'override' directive
GNUMAKEFLAGS := 
# environment
LOGNAME = elijah
# environment
VSCODE_WSL_EXT_LOCATION = /mnt/c/Users/EGala/.vscode/extensions/ms-vscode-remote.remote-wsl-0.66.3
# makefile
.DEFAULT_GOAL := 
# environment
HISTCONTROL = erasedups:ignorespace
# environment
DISPLAY = :0
# environment
USER = elijah
# default
MAKE_VERSION := 4.3
# environment
VSCODE_EXTHOST_WILL_SEND_SOCKET = true
# environment
_ = /usr/sbin/make
# environment
XDG_RUNTIME_DIR = /mnt/wslg/runtime-dir
# environment
VSCODE_IPC_HOOK_CLI = /mnt/wslg/runtime-dir/vscode-ipc-08b8d9fb-4698-459b-bbb1-858e10c0d4b7.sock
# environment
VSCODE_AMD_ENTRYPOINT = vs/workbench/api/node/extensionHostProcess
# environment
HOME = /home/elijah
# environment
TERM = xterm-256color
# default
.RECIPEPREFIX := 
# automatic
<F = $(notdir $<)
# default
SUFFIXES := 
# environment
WSL_DISTRO_NAME = Arch
# default
.FEATURES := target-specific order-only second-expansion else-if shortest-stem undefine oneshell nocomment grouped-target extra-prereqs archives jobserver output-sync check-symlink guile load
# variable set hash-table stats:
# Load=69/1024=7%, Rehash=0, Collisions=2/96=2%

# Pattern-specific Variable Values

# No pattern-specific variable values.

# Directories

# . (device 68, inode 1125899907106350): 6 files, no impossibilities.

# 6 files, no impossibilities in 1 directories.

# Implicit Rules

# No implicit rules.

# Files

# Not a target:
Makefile:
#  Implicit rule search has been done.
#  File does not exist.
#  File has been updated.
#  Failed to be updated.

# Not a target:
.DEFAULT:
#  Implicit rule search has not been done.
#  Modification time never checked.
#  File has not been updated.

# Not a target:
all:
#  Command line target.
#  Implicit rule search has been done.
#  File does not exist.
#  File has not been updated.

# Not a target:
makefile:
#  Implicit rule search has been done.
#  File does not exist.
#  File has been updated.
#  Failed to be updated.

# Not a target:
GNUmakefile:
#  Implicit rule search has been done.
#  File does not exist.
#  File has been updated.
#  Failed to be updated.

# files hash-table stats:
# Load=6/1024=1%, Rehash=0, Collisions=0/15=0%
# VPATH Search Paths

# No 'vpath' search paths.

# No general ('VPATH' variable) search path.

# strcache buffers: 1 (0) / strings = 14 / storage = 117 B / avg = 8 B
# current buf: size = 8162 B / used = 117 B / count = 14 / avg = 8 B

# strcache performance: lookups = 17 / hit rate = 17%
# hash-table stats:
# Load=14/8192=0%, Rehash=0, Collisions=0/17=0%
# Finished Make data base on Fri Jun  3 14:46:41 2022

 
